[INFO] 2023-07-11 12:35:44 root Logging configured
[DEBUG] 2023-07-11 12:35:44 root This is a debug message.
[INFO] 2023-07-11 12:35:44 root Logging configured
[DEBUG] 2023-07-11 12:35:44 root This is a debug message.
[INFO] 2023-07-11 12:36:32 root Logging configured
[DEBUG] 2023-07-11 12:36:32 root This is a debug message.
[INFO] 2023-07-11 12:36:32 root Logging configured
[DEBUG] 2023-07-11 12:36:32 root This is a debug message.
[INFO] 2023-07-11 12:36:32 root Logging configured
[DEBUG] 2023-07-11 12:36:32 root This is a debug message.
[INFO] 2023-07-11 12:36:32 root Logging configured
[DEBUG] 2023-07-11 12:36:32 root This is a debug message.
[INFO] 2023-07-11 12:36:32 root Logging configured
[DEBUG] 2023-07-11 12:36:32 root This is a debug message.
[INFO] 2023-07-11 12:36:32 root Logging configured
[DEBUG] 2023-07-11 12:36:32 root This is a debug message.
[INFO] 2023-07-11 12:36:32 root Logging configured
[INFO] 2023-07-12 15:23:49 root Logging configured
[INFO] 2023-07-12 15:23:49 root Logging configured
[DEBUG] 2023-07-12 15:23:49 root This is a debug message.
[INFO] 2023-07-12 15:23:49 root Logging configured
[DEBUG] 2023-07-12 15:23:49 root This is a debug message.
[INFO] 2023-07-12 15:23:49 root Logging configured
[DEBUG] 2023-07-12 15:23:49 root This is a debug message.
[INFO] 2023-07-12 15:24:06 root Logging configured
[INFO] 2023-07-12 15:24:06 root Logging configured
[DEBUG] 2023-07-12 15:24:06 root This is a debug message.
[INFO] 2023-07-12 15:24:06 root Logging configured
[DEBUG] 2023-07-12 15:24:06 root This is a debug message.
[INFO] 2023-07-12 15:24:06 root Logging configured
[DEBUG] 2023-07-12 15:24:06 root This is a debug message.
[INFO] 2023-07-12 15:24:06 root Logging configured
[DEBUG] 2023-07-12 15:24:06 root This is a debug message.
[INFO] 2023-07-12 15:24:06 root Logging configured
[DEBUG] 2023-07-12 15:24:06 root This is a debug message.
[INFO] 2023-07-12 15:24:06 root Logging configured
[INFO] 2023-07-12 15:25:10 root Logging configured
[INFO] 2023-07-12 15:25:10 root Logging configured
[DEBUG] 2023-07-12 15:25:10 root This is a debug message.
[INFO] 2023-07-12 15:25:10 root Logging configured
[DEBUG] 2023-07-12 15:25:10 root This is a debug message.
[INFO] 2023-07-12 15:25:10 root Logging configured
[DEBUG] 2023-07-12 15:25:10 root This is a debug message.
[INFO] 2023-07-12 15:25:10 root Logging configured
[DEBUG] 2023-07-12 15:25:10 root This is a debug message.
[INFO] 2023-07-12 15:25:10 root Logging configured
[DEBUG] 2023-07-12 15:25:10 root This is a debug message.
[INFO] 2023-07-12 15:25:10 root Logging configured
[INFO] 2023-07-12 15:34:11 root Logging configured
[INFO] 2023-07-12 15:34:11 root Logging configured
[DEBUG] 2023-07-12 15:34:11 root This is a debug message.
[INFO] 2023-07-12 15:34:11 root Logging configured
[DEBUG] 2023-07-12 15:34:11 root This is a debug message.
[INFO] 2023-07-12 15:34:11 root Logging configured
[DEBUG] 2023-07-12 15:34:11 root This is a debug message.
[INFO] 2023-07-12 15:34:11 root Logging configured
[DEBUG] 2023-07-12 15:34:11 root This is a debug message.
[INFO] 2023-07-12 15:34:11 root Logging configured
[DEBUG] 2023-07-12 15:34:11 root This is a debug message.
[INFO] 2023-07-12 15:34:11 root Logging configured
[INFO] 2023-07-12 15:34:31 root Logging configured
[INFO] 2023-07-12 15:34:31 root Logging configured
[DEBUG] 2023-07-12 15:34:31 root This is a debug message.
[INFO] 2023-07-12 15:34:31 root Logging configured
[DEBUG] 2023-07-12 15:34:31 root This is a debug message.
[INFO] 2023-07-12 15:34:31 root Logging configured
[DEBUG] 2023-07-12 15:34:31 root This is a debug message.
[INFO] 2023-07-12 15:34:31 root Logging configured
[DEBUG] 2023-07-12 15:34:31 root This is a debug message.
[INFO] 2023-07-12 15:34:31 root Logging configured
[DEBUG] 2023-07-12 15:34:31 root This is a debug message.
[INFO] 2023-07-12 15:34:31 root Logging configured
[INFO] 2023-07-12 15:39:09 root Logging configured
[INFO] 2023-07-12 15:39:09 root Logging configured
[DEBUG] 2023-07-12 15:39:09 root This is a debug message.
[INFO] 2023-07-12 15:39:09 root Logging configured
[DEBUG] 2023-07-12 15:39:09 root This is a debug message.
[INFO] 2023-07-12 15:39:09 root Logging configured
[DEBUG] 2023-07-12 15:39:09 root This is a debug message.
[INFO] 2023-07-12 15:39:09 root Logging configured
[DEBUG] 2023-07-12 15:39:09 root This is a debug message.
[INFO] 2023-07-12 15:39:09 root Logging configured
[DEBUG] 2023-07-12 15:39:09 root This is a debug message.
[INFO] 2023-07-12 15:39:09 root Logging configured
[INFO] 2023-07-12 15:41:27 root Logging configured
[INFO] 2023-07-12 15:41:27 root Logging configured
[DEBUG] 2023-07-12 15:41:27 root This is a debug message.
[INFO] 2023-07-12 15:41:27 root Logging configured
[DEBUG] 2023-07-12 15:41:27 root This is a debug message.
[INFO] 2023-07-12 15:41:27 root Logging configured
[DEBUG] 2023-07-12 15:41:27 root This is a debug message.
[INFO] 2023-07-12 15:41:27 root Logging configured
[DEBUG] 2023-07-12 15:41:27 root This is a debug message.
[INFO] 2023-07-12 15:41:27 root Logging configured
[DEBUG] 2023-07-12 15:41:27 root This is a debug message.
[INFO] 2023-07-12 15:41:27 root Logging configured
[INFO] 2023-07-12 15:45:26 root Logging configured
[INFO] 2023-07-12 15:45:26 root Logging configured
[DEBUG] 2023-07-12 15:45:26 root This is a debug message.
[INFO] 2023-07-12 15:45:26 root Logging configured
[DEBUG] 2023-07-12 15:45:26 root This is a debug message.
[INFO] 2023-07-12 15:45:26 root Logging configured
[DEBUG] 2023-07-12 15:45:26 root This is a debug message.
[INFO] 2023-07-12 15:45:26 root Logging configured
[DEBUG] 2023-07-12 15:45:26 root This is a debug message.
[INFO] 2023-07-12 15:45:26 root Logging configured
[DEBUG] 2023-07-12 15:45:26 root This is a debug message.
[INFO] 2023-07-12 15:45:26 root Logging configured
[INFO] 2023-07-12 15:51:46 root Logging configured
[INFO] 2023-07-12 15:51:46 root Logging configured
[DEBUG] 2023-07-12 15:51:46 root This is a debug message.
[INFO] 2023-07-12 15:51:46 root Logging configured
[DEBUG] 2023-07-12 15:51:46 root This is a debug message.
[INFO] 2023-07-12 15:51:46 root Logging configured
[DEBUG] 2023-07-12 15:51:46 root This is a debug message.
[INFO] 2023-07-12 15:51:46 root Logging configured
[DEBUG] 2023-07-12 15:51:46 root This is a debug message.
[INFO] 2023-07-12 15:51:46 root Logging configured
[DEBUG] 2023-07-12 15:51:46 root This is a debug message.
[INFO] 2023-07-12 15:51:46 root Logging configured
[INFO] 2023-07-12 15:53:30 root Logging configured
[INFO] 2023-07-12 15:53:30 root Logging configured
[DEBUG] 2023-07-12 15:53:30 root This is a debug message.
[INFO] 2023-07-12 15:53:30 root Logging configured
[DEBUG] 2023-07-12 15:53:30 root This is a debug message.
[INFO] 2023-07-12 15:53:30 root Logging configured
[DEBUG] 2023-07-12 15:53:30 root This is a debug message.
[INFO] 2023-07-12 15:53:30 root Logging configured
[DEBUG] 2023-07-12 15:53:30 root This is a debug message.
[INFO] 2023-07-12 15:53:30 root Logging configured
[DEBUG] 2023-07-12 15:53:30 root This is a debug message.
[INFO] 2023-07-12 15:53:30 root Logging configured
[INFO] 2023-07-13 00:34:36 root Logging configured
[INFO] 2023-07-13 00:34:36 root Logging configured
[DEBUG] 2023-07-13 00:34:36 root This is a debug message.
[INFO] 2023-07-13 00:34:36 root Logging configured
[DEBUG] 2023-07-13 00:34:36 root This is a debug message.
[INFO] 2023-07-13 00:34:36 root Logging configured
[INFO] 2023-07-13 00:34:36 root Logging configured
[INFO] 2023-07-13 00:34:36 root Logging configured
[DEBUG] 2023-07-13 00:34:36 root This is a debug message.
[INFO] 2023-07-13 00:34:36 root Logging configured
[DEBUG] 2023-07-13 00:34:36 root This is a debug message.
[INFO] 2023-07-13 00:36:41 root Logging configured
[INFO] 2023-07-13 00:36:41 root Logging configured
[DEBUG] 2023-07-13 00:36:41 root This is a debug message.
[INFO] 2023-07-13 00:36:41 root Logging configured
[DEBUG] 2023-07-13 00:36:41 root This is a debug message.
[INFO] 2023-07-13 00:36:41 root Logging configured
[INFO] 2023-07-13 00:36:41 root Logging configured
[INFO] 2023-07-13 00:36:41 root Logging configured
[DEBUG] 2023-07-13 00:36:41 root This is a debug message.
[INFO] 2023-07-13 00:36:41 root Logging configured
[DEBUG] 2023-07-13 00:36:41 root This is a debug message.
[INFO] 2023-07-13 00:37:42 root Logging configured
[INFO] 2023-07-13 00:37:42 root Logging configured
[DEBUG] 2023-07-13 00:37:42 root This is a debug message.
[INFO] 2023-07-13 00:37:42 root Logging configured
[DEBUG] 2023-07-13 00:37:42 root This is a debug message.
[INFO] 2023-07-13 00:37:42 root Logging configured
[INFO] 2023-07-13 00:37:42 root Logging configured
[INFO] 2023-07-13 00:37:42 root Logging configured
[DEBUG] 2023-07-13 00:37:42 root This is a debug message.
[INFO] 2023-07-13 00:37:42 root Logging configured
[DEBUG] 2023-07-13 00:37:42 root This is a debug message.
[INFO] 2023-07-13 00:37:42 root Logging configured
[INFO] 2023-07-13 00:37:42 root Logging configured
[INFO] 2023-07-13 00:37:42 root Logging configured
[DEBUG] 2023-07-13 00:37:42 root This is a debug message.
[INFO] 2023-07-13 00:37:42 root Logging configured
[DEBUG] 2023-07-13 00:37:42 root session_manager.current_user_id: None
[DEBUG] 2023-07-13 00:37:42 root Login DB is running: True
[INFO] 2023-07-13 00:37:42 root Login Dashboard is running.
